<?xml version="1.0" encoding="UTF-8"?>
<!-- Generated by org.testng.reporters.JUnitXMLReporter -->
<testsuite ignored="1" hostname="ITMMAAGC42029FZ" failures="0" tests="4" name="Test" time="34.872" errors="0" timestamp="2024-09-19T16:53:20 WEST">
  <testcase classname="MyPackage.MyTestClass" name="TC2_Authentication_KO" time="1.261"/>
  <testcase classname="MyPackage.MyTestClass" name="TC2_Authentication_KO" time="1.16"/>
  <testcase classname="MyPackage.MyTestClass" name="TC3_Authentication_OK" time="1.279"/>
  <testcase classname="MyPackage.MyTestClass" name="TC4_dropdown" time="0.585"/>
  <testcase classname="MyPackage.MyTestClass" name="TC1_homePage" time="0.0">
    <ignored/>
  </testcase> <!-- TC1_homePage -->
</testsuite> <!-- Test -->
