<?xml version="1.0" encoding="UTF-8"?>
<!-- Generated by org.testng.reporters.JUnitXMLReporter -->
<testsuite ignored="1" hostname="ITMMAAGC42029FZ" failures="0" tests="4" name="Default test" time="34.547" errors="0" timestamp="2024-11-20T09:38:49 WEST">
  <testcase classname="MyPackage.MyTestClass" name="TC2_Authentication_KO" time="1.218"/>
  <testcase classname="MyPackage.MyTestClass" name="TC2_Authentication_KO" time="1.214"/>
  <testcase classname="MyPackage.MyTestClass" name="TC3_Authentication_OK" time="1.176"/>
  <testcase classname="MyPackage.MyTestClass" name="TC4_dropdown" time="0.566"/>
  <testcase classname="MyPackage.MyTestClass" name="TC1_homePage" time="0.0">
    <ignored/>
  </testcase> <!-- TC1_homePage -->
</testsuite> <!-- Default test -->
