<?xml version="1.0" encoding="UTF-8"?>
<testng-results ignored="1" total="5" passed="4" failed="0" skipped="0">
  <reporter-output>
  </reporter-output>
  <suite started-at="2024-11-20T09:38:15 WEST" name="Default suite" finished-at="2024-11-20T09:38:49 WEST" duration-ms="34547">
    <groups>
    </groups>
    <test started-at="2024-11-20T09:38:15 WEST" name="Default test" finished-at="2024-11-20T09:38:49 WEST" duration-ms="34547">
      <class name="MyPackage.MyTestClass">
        <test-method is-config="true" signature="setup()[pri:0, instance:MyPackage.MyTestClass@1283bb96]" started-at="2024-11-20T09:38:16 WEST" name="setup" finished-at="2024-11-20T09:38:25 WEST" duration-ms="9955" status="PASS">
          <reporter-output>
          </reporter-output>
        </test-method> <!-- setup -->
        <test-method signature="TC2_Authentication_KO(java.lang.String,java.lang.String)[pri:1, instance:MyPackage.MyTestClass@1283bb96]" started-at="2024-11-20T09:38:25 WEST" name="TC2_Authentication_KO" data-provider="loginData" finished-at="2024-11-20T09:38:27 WEST" duration-ms="1218" status="PASS">
          <params>
            <param index="0">
              <value>
                <![CDATA[uer1]]>
              </value>
            </param>
            <param index="1">
              <value>
                <![CDATA[pass1]]>
              </value>
            </param>
          </params>
          <reporter-output>
          </reporter-output>
        </test-method> <!-- TC2_Authentication_KO -->
        <test-method is-config="true" signature="tearDown()[pri:0, instance:MyPackage.MyTestClass@1283bb96]" started-at="2024-11-20T09:38:27 WEST" name="tearDown" finished-at="2024-11-20T09:38:28 WEST" duration-ms="1331" status="PASS">
          <reporter-output>
          </reporter-output>
        </test-method> <!-- tearDown -->
        <test-method is-config="true" signature="setup()[pri:0, instance:MyPackage.MyTestClass@1283bb96]" started-at="2024-11-20T09:38:28 WEST" name="setup" finished-at="2024-11-20T09:38:32 WEST" duration-ms="4392" status="PASS">
          <reporter-output>
          </reporter-output>
        </test-method> <!-- setup -->
        <test-method signature="TC2_Authentication_KO(java.lang.String,java.lang.String)[pri:1, instance:MyPackage.MyTestClass@1283bb96]" started-at="2024-11-20T09:38:32 WEST" name="TC2_Authentication_KO" data-provider="loginData" finished-at="2024-11-20T09:38:34 WEST" duration-ms="1214" status="PASS">
          <params>
            <param index="0">
              <value>
                <![CDATA[user2]]>
              </value>
            </param>
            <param index="1">
              <value>
                <![CDATA[pass2]]>
              </value>
            </param>
          </params>
          <reporter-output>
          </reporter-output>
        </test-method> <!-- TC2_Authentication_KO -->
        <test-method is-config="true" signature="tearDown()[pri:0, instance:MyPackage.MyTestClass@1283bb96]" started-at="2024-11-20T09:38:34 WEST" name="tearDown" finished-at="2024-11-20T09:38:35 WEST" duration-ms="1381" status="PASS">
          <reporter-output>
          </reporter-output>
        </test-method> <!-- tearDown -->
        <test-method is-config="true" signature="setup()[pri:0, instance:MyPackage.MyTestClass@1283bb96]" started-at="2024-11-20T09:38:35 WEST" name="setup" finished-at="2024-11-20T09:38:39 WEST" duration-ms="3904" status="PASS">
          <reporter-output>
          </reporter-output>
        </test-method> <!-- setup -->
        <test-method signature="TC3_Authentication_OK()[pri:2, instance:MyPackage.MyTestClass@1283bb96]" started-at="2024-11-20T09:38:39 WEST" name="TC3_Authentication_OK" finished-at="2024-11-20T09:38:40 WEST" duration-ms="1176" status="PASS">
          <reporter-output>
          </reporter-output>
        </test-method> <!-- TC3_Authentication_OK -->
        <test-method is-config="true" signature="tearDown()[pri:0, instance:MyPackage.MyTestClass@1283bb96]" started-at="2024-11-20T09:38:40 WEST" name="tearDown" finished-at="2024-11-20T09:38:41 WEST" duration-ms="1331" status="PASS">
          <reporter-output>
          </reporter-output>
        </test-method> <!-- tearDown -->
        <test-method is-config="true" signature="setup()[pri:0, instance:MyPackage.MyTestClass@1283bb96]" started-at="2024-11-20T09:38:41 WEST" name="setup" finished-at="2024-11-20T09:38:47 WEST" duration-ms="5951" status="PASS">
          <reporter-output>
          </reporter-output>
        </test-method> <!-- setup -->
        <test-method signature="TC4_dropdown()[pri:3, instance:MyPackage.MyTestClass@1283bb96]" started-at="2024-11-20T09:38:47 WEST" name="TC4_dropdown" finished-at="2024-11-20T09:38:48 WEST" duration-ms="566" status="PASS">
          <reporter-output>
          </reporter-output>
        </test-method> <!-- TC4_dropdown -->
        <test-method is-config="true" signature="tearDown()[pri:0, instance:MyPackage.MyTestClass@1283bb96]" started-at="2024-11-20T09:38:48 WEST" name="tearDown" finished-at="2024-11-20T09:38:49 WEST" duration-ms="1392" status="PASS">
          <reporter-output>
          </reporter-output>
        </test-method> <!-- tearDown -->
      </class> <!-- MyPackage.MyTestClass -->
    </test> <!-- Default test -->
  </suite> <!-- Default suite -->
</testng-results>
